2024-11-28 22:20:49,549 - pyswarms.single.global_best - INFO - Optimize for 200 iters with {'c1': 0.5, 'c2': 0.3, 'w': 0.9}
2024-11-28 22:20:49,584 - pyswarms.single.global_best - INFO - Optimization finished | best cost: 3.5842623325829195e-13, best pos: [ 5.90589961e-07 -9.81311925e-08]
2024-11-28 22:21:45,170 - pyswarms.single.global_best - INFO - Optimize for 50 iters with {'c1': 0.5, 'c2': 0.3, 'w': 0.5}
2024-11-28 22:21:45,182 - pyswarms.single.global_best - INFO - Optimization finished | best cost: 0.007375223071677232, best pos: [0.08465162 0.01446814]
2024-11-28 22:21:48,115 - matplotlib.animation - WARNING - MovieWriter imagemagick unavailable; using Pillow instead.
2024-11-28 22:21:48,117 - matplotlib.animation - INFO - Animation.save using <class 'matplotlib.animation.PillowWriter'>
2024-11-28 22:22:02,383 - pyswarms.single.global_best - INFO - Optimize for 200 iters with {'c1': 0.5, 'c2': 0.3, 'w': 0.9}
2024-11-28 22:22:02,419 - pyswarms.single.global_best - INFO - Optimization finished | best cost: 1.790563153871686e-11, best pos: [1.22669644e-06 4.04979597e-06]
2024-11-28 22:22:41,460 - pyswarms.single.global_best - INFO - Optimize for 50 iters with {'c1': 0.5, 'c2': 0.3, 'w': 0.5}
2024-11-28 22:22:41,472 - pyswarms.single.global_best - INFO - Optimization finished | best cost: 0.005343715688556104, best pos: [0.0695895  0.02238342]
2024-11-28 22:22:44,198 - matplotlib.animation - WARNING - MovieWriter imagemagick unavailable; using Pillow instead.
2024-11-28 22:22:44,198 - matplotlib.animation - INFO - Animation.save using <class 'matplotlib.animation.PillowWriter'>
2024-11-28 22:25:08,727 - pyswarms.single.global_best - INFO - Optimize for 50 iters with {'c1': 0.5, 'c2': 0.3, 'w': 0.5}
2024-11-28 22:25:08,743 - pyswarms.single.global_best - INFO - Optimization finished | best cost: 8.480876818261847e-16, best pos: [-2.23185508e-08  1.87074844e-08]
2024-11-28 22:25:12,518 - matplotlib.animation - INFO - Animation.save using <class 'matplotlib.animation.ImageMagickWriter'>
2024-11-28 22:25:12,518 - matplotlib.animation - INFO - MovieWriter._run: running command: 'C:\Program Files\ImageMagick-7.1.1-Q16-HDRI\magick.exe' -size 1000x800 -depth 8 -delay 10.0 -loop 0 rgba:- -layers OptimizePlus plot0.gif
2024-11-28 22:27:05,868 - pyswarms.single.global_best - INFO - Optimize for 50 iters with {'c1': 0.5, 'c2': 0.3, 'w': 0.5}
2024-11-28 22:27:05,885 - pyswarms.single.global_best - INFO - Optimization finished | best cost: 0.16693426258911737, best pos: [0.26141073 0.31400429]
2024-11-28 22:27:10,149 - matplotlib.animation - INFO - Animation.save using <class 'matplotlib.animation.ImageMagickWriter'>
2024-11-28 22:27:10,150 - matplotlib.animation - INFO - MovieWriter._run: running command: 'C:\Program Files\ImageMagick-7.1.1-Q16-HDRI\magick.exe' -size 1000x800 -depth 8 -delay 10.0 -loop 0 rgba:- -layers OptimizePlus plot0.gif
2024-11-28 22:45:50,637 - pyswarms.single.global_best - INFO - Optimize for 1000 iters with {'c1': 0.5, 'c2': 0.3, 'w': 0.9}
2024-11-28 22:45:50,784 - pyswarms.single.global_best - INFO - Optimization finished | best cost: 3.679721984631671e-42, best pos: [-1.90494051e-21  2.25662641e-22]
2024-11-28 22:48:06,876 - pyswarms.single.global_best - INFO - Optimize for 1000 iters with {'c1': 0.5, 'c2': 0.3, 'w': 0.9}
2024-11-28 22:48:07,098 - pyswarms.single.global_best - INFO - Optimization finished | best cost: 2.046184371295908, best pos: [1.00450522 1.0184074 ]
